<?xml version="1.0" encoding="UTF-8"?>
<!-- Generated by org.testng.reporters.JUnitReportReporter -->
<testsuite skipped="0" hostname="swatiPc" name="academy.ValidateTitleTest" tests="1" failures="0" timestamp="21 Jun 2020 12:08:26 GMT" time="51.140" errors="0">
  <testcase name="basePageNavigation" time="51.140" classname="academy.ValidateTitleTest"/>
</testsuite> <!-- academy.ValidateTitleTest -->
