<?xml version="1.0" encoding="UTF-8"?>
<!-- Generated by org.testng.reporters.JUnitReportReporter -->
<testsuite skipped="0" hostname="swatiPc" name="academy.ValidateNavBarTest" tests="1" failures="0" timestamp="22 Jun 2020 06:54:50 GMT" time="70.774" errors="0">
  <testcase name="basePageNavigation" time="70.774" classname="academy.ValidateNavBarTest"/>
</testsuite> <!-- academy.ValidateNavBarTest -->
